[debug] [2018-04-30T17:18:24.022Z] ----------------------------------------------------------------------
[debug] [2018-04-30T17:18:24.023Z] Command:       /usr/local/bin/node /usr/local/bin/firebase serve
[debug] [2018-04-30T17:18:24.023Z] CLI Version:   3.18.4
[debug] [2018-04-30T17:18:24.024Z] Platform:      darwin
[debug] [2018-04-30T17:18:24.024Z] Node Version:  v8.6.0
[debug] [2018-04-30T17:18:24.024Z] Time:          Mon Apr 30 2018 20:18:24 GMT+0300 (EEST)
[debug] [2018-04-30T17:18:24.024Z] ----------------------------------------------------------------------
[debug] 
[debug] [2018-04-30T17:18:24.071Z] > command requires scopes: ["email","openid","https://www.googleapis.com/auth/cloudplatformprojects.readonly","https://www.googleapis.com/auth/firebase","https://www.googleapis.com/auth/cloud-platform"]
[debug] [2018-04-30T17:18:24.072Z] > authorizing via signed-in user
[debug] [2018-04-30T17:18:24.073Z] > refreshing access token with scopes: ["email","https://www.googleapis.com/auth/cloud-platform","https://www.googleapis.com/auth/cloudplatformprojects.readonly","https://www.googleapis.com/auth/firebase","openid"]
[debug] [2018-04-30T17:18:24.073Z] >>> HTTP REQUEST POST https://www.googleapis.com/oauth2/v3/token  
 { refresh_token: '1/2vIh1hYv8cl2EOda_twTlkYtVq6J0Q_seQoAiiNAngaQ5T-marrC6-_ysFKp_QK5',
  client_id: '563584335869-fgrhgmd47bqnekij5i8b5pr03ho849e6.apps.googleusercontent.com',
  client_secret: 'j9iVZfS8kkCEFUPaAeJV0sAi',
  grant_type: 'refresh_token',
  scope: 'email https://www.googleapis.com/auth/cloud-platform https://www.googleapis.com/auth/cloudplatformprojects.readonly https://www.googleapis.com/auth/firebase openid' } 
 Mon Apr 30 2018 20:18:24 GMT+0300 (EEST)
[debug] [2018-04-30T17:18:24.532Z] <<< HTTP RESPONSE 200
[debug] [2018-04-30T17:18:24.619Z] >>> HTTP REQUEST GET https://admin.firebase.com/v1/projects/clock-js  
  
 Mon Apr 30 2018 20:18:24 GMT+0300 (EEST)
[debug] [2018-04-30T17:18:26.961Z] <<< HTTP RESPONSE 200
[debug] [2018-04-30T17:18:26.962Z] >>> HTTP REQUEST GET https://admin.firebase.com/v1/database/clock-js/tokens  
  
 Mon Apr 30 2018 20:18:26 GMT+0300 (EEST)
[debug] [2018-04-30T17:18:27.665Z] <<< HTTP RESPONSE 200
[debug] [2018-04-30T17:18:27.665Z] >>> HTTP REQUEST GET https://cloudresourcemanager.googleapis.com/v1/projects/clock-js  
  
 Mon Apr 30 2018 20:18:27 GMT+0300 (EEST)
[debug] [2018-04-30T17:18:28.716Z] <<< HTTP RESPONSE 200
[info] 
[info] === Serving from '/Users/andreas/Documents/Development/web/Clock.js'...
[info] 
[debug] [2018-04-30T17:18:28.718Z] >>> HTTP REQUEST GET https://mobilesdk-pa.googleapis.com/v1/projects/722550102828/clients/_:getWebAppConfig  
  
 Mon Apr 30 2018 20:18:28 GMT+0300 (EEST)
[debug] [2018-04-30T17:18:29.617Z] <<< HTTP RESPONSE 200
[info] i  hosting: Serving hosting files from: public
[info] ✔  hosting: Local server: http://localhost:5000

